<?xml version="1.0" encoding="UTF-8"?>
<testng-results ignored="0" total="6" passed="6" failed="0" skipped="0">
  <reporter-output>
  </reporter-output>
  <suite started-at="2024-10-23T11:54:56Z" name="Default suite" finished-at="2024-10-23T11:55:02Z" duration-ms="5569">
    <groups>
    </groups>
    <test started-at="2024-10-23T11:54:56Z" name="Default test" finished-at="2024-10-23T11:55:02Z" duration-ms="5569">
      <class name="com.apiautomation.Sample">
        <test-method signature="createFlight()[pri:1, instance:com.apiautomation.Sample@432038ec]" started-at="2024-10-23T11:54:56Z" name="createFlight" finished-at="2024-10-23T11:55:00Z" duration-ms="3660" status="PASS">
          <reporter-output>
          </reporter-output>
        </test-method> <!-- createFlight -->
        <test-method signature="singleFlight()[pri:2, instance:com.apiautomation.Sample@432038ec]" started-at="2024-10-23T11:55:00Z" name="singleFlight" finished-at="2024-10-23T11:55:00Z" duration-ms="297" status="PASS">
          <reporter-output>
          </reporter-output>
        </test-method> <!-- singleFlight -->
        <test-method signature="updateFlight()[pri:3, instance:com.apiautomation.Sample@432038ec]" started-at="2024-10-23T11:55:00Z" name="updateFlight" finished-at="2024-10-23T11:55:00Z" duration-ms="362" status="PASS">
          <reporter-output>
          </reporter-output>
        </test-method> <!-- updateFlight -->
        <test-method signature="updateFlightPatch()[pri:4, instance:com.apiautomation.Sample@432038ec]" started-at="2024-10-23T11:55:00Z" name="updateFlightPatch" finished-at="2024-10-23T11:55:01Z" duration-ms="380" status="PASS">
          <reporter-output>
          </reporter-output>
        </test-method> <!-- updateFlightPatch -->
        <test-method signature="deleteFlight()[pri:5, instance:com.apiautomation.Sample@432038ec]" started-at="2024-10-23T11:55:01Z" name="deleteFlight" finished-at="2024-10-23T11:55:01Z" duration-ms="376" status="PASS">
          <reporter-output>
          </reporter-output>
        </test-method> <!-- deleteFlight -->
        <test-method signature="listFlights()[pri:6, instance:com.apiautomation.Sample@432038ec]" started-at="2024-10-23T11:55:01Z" name="listFlights" finished-at="2024-10-23T11:55:02Z" duration-ms="429" status="PASS">
          <reporter-output>
          </reporter-output>
        </test-method> <!-- listFlights -->
      </class> <!-- com.apiautomation.Sample -->
    </test> <!-- Default test -->
  </suite> <!-- Default suite -->
</testng-results>
